This file contains any messages produced by compilers while
running configure, to aid debugging if configure makes a mistake.

It was created by glog configure 0.3.3, which was
generated by GNU Autoconf 2.63.  Invocation command line was

  $ ./configure --disable-shared --with-pic

## --------- ##
## Platform. ##
## --------- ##

hostname = WFJ-VM-5-130
uname -m = x86_64
uname -r = 2.6.32-358.el6.x86_64
uname -s = Linux
uname -v = #1 SMP Fri Feb 22 00:31:26 UTC 2013

/usr/bin/uname -p = unknown
/bin/uname -X     = unknown

/bin/arch              = x86_64
/usr/bin/arch -k       = unknown
/usr/convex/getsysinfo = unknown
/usr/bin/hostinfo      = unknown
/bin/machine           = unknown
/usr/bin/oslevel       = unknown
/bin/universe          = unknown

PATH: /application/mysql/bin
PATH: /home/wy/java/default/bin
PATH: /usr/lib64/qt-3.3/bin
PATH: /usr/local/sbin
PATH: /usr/local/bin
PATH: /sbin
PATH: /bin
PATH: /usr/sbin
PATH: /usr/bin
PATH: /usr/sbin
PATH: /usr/local/bin
PATH: /usr/local/sbin
PATH: /root/bin


## ----------- ##
## Core tests. ##
## ----------- ##

configure:2013: checking for a BSD-compatible install
configure:2081: result: /usr/bin/install -c
configure:2092: checking whether build environment is sane
configure:2152: result: yes
configure:2293: checking for a thread-safe mkdir -p
configure:2332: result: /bin/mkdir -p
configure:2345: checking for gawk
configure:2361: found /bin/gawk
configure:2372: result: gawk
configure:2383: checking whether make sets $(MAKE)
configure:2405: result: yes
configure:2546: checking for gcc
configure:2562: found /usr/bin/gcc
configure:2573: result: gcc
configure:2805: checking for C compiler version
configure:2813: gcc --version >&5
gcc (GCC) 4.4.7 20120313 (Red Hat 4.4.7-3)
Copyright (C) 2010 Free Software Foundation, Inc.
This is free software; see the source for copying conditions.  There is NO
warranty; not even for MERCHANTABILITY or FITNESS FOR A PARTICULAR PURPOSE.

configure:2817: $? = 0
configure:2824: gcc -v >&5
Using built-in specs.
Target: x86_64-redhat-linux
Configured with: ../configure --prefix=/usr --mandir=/usr/share/man --infodir=/usr/share/info --with-bugurl=http://bugzilla.redhat.com/bugzilla --enable-bootstrap --enable-shared --enable-threads=posix --enable-checking=release --with-system-zlib --enable-__cxa_atexit --disable-libunwind-exceptions --enable-gnu-unique-object --enable-languages=c,c++,objc,obj-c++,java,fortran,ada --enable-java-awt=gtk --disable-dssi --with-java-home=/usr/lib/jvm/java-1.5.0-gcj-1.5.0.0/jre --enable-libgcj-multifile --enable-java-maintainer-mode --with-ecj-jar=/usr/share/java/eclipse-ecj.jar --disable-libjava-multilib --with-ppl --with-cloog --with-tune=generic --with-arch_32=i686 --build=x86_64-redhat-linux
Thread model: posix
gcc version 4.4.7 20120313 (Red Hat 4.4.7-3) (GCC) 
configure:2828: $? = 0
configure:2835: gcc -V >&5
gcc: '-V' option must have argument
configure:2839: $? = 1
configure:2862: checking for C compiler default output file name
configure:2884: gcc    conftest.c  >&5
configure:2888: $? = 0
configure:2926: result: a.out
configure:2945: checking whether the C compiler works
configure:2955: ./a.out
configure:2959: $? = 0
configure:2978: result: yes
configure:2985: checking whether we are cross compiling
configure:2987: result: no
configure:2990: checking for suffix of executables
configure:2997: gcc -o conftest    conftest.c  >&5
configure:3001: $? = 0
configure:3027: result: 
configure:3033: checking for suffix of object files
configure:3059: gcc -c   conftest.c >&5
configure:3063: $? = 0
configure:3088: result: o
configure:3092: checking whether we are using the GNU C compiler
configure:3121: gcc -c   conftest.c >&5
configure:3128: $? = 0
configure:3145: result: yes
configure:3154: checking whether gcc accepts -g
configure:3184: gcc -c -g  conftest.c >&5
configure:3191: $? = 0
configure:3292: result: yes
configure:3309: checking for gcc option to accept ISO C89
configure:3383: gcc  -c -g -O2  conftest.c >&5
configure:3390: $? = 0
configure:3413: result: none needed
configure:3442: checking for style of include used by make
configure:3470: result: GNU
configure:3495: checking dependency style of gcc
configure:3605: result: gcc3
configure:3625: checking how to run the C preprocessor
configure:3665: gcc -E  conftest.c
configure:3672: $? = 0
configure:3703: gcc -E  conftest.c
conftest.c:10:28: error: ac_nonexistent.h: No such file or directory
configure:3710: $? = 1
configure: failed program was:
| /* confdefs.h.  */
| #define PACKAGE_NAME "glog"
| #define PACKAGE_TARNAME "glog"
| #define PACKAGE_VERSION "0.3.3"
| #define PACKAGE_STRING "glog 0.3.3"
| #define PACKAGE_BUGREPORT "opensource@google.com"
| #define PACKAGE "glog"
| #define VERSION "0.3.3"
| /* end confdefs.h.  */
| #include <ac_nonexistent.h>
configure:3743: result: gcc -E
configure:3772: gcc -E  conftest.c
configure:3779: $? = 0
configure:3810: gcc -E  conftest.c
conftest.c:10:28: error: ac_nonexistent.h: No such file or directory
configure:3817: $? = 1
configure: failed program was:
| /* confdefs.h.  */
| #define PACKAGE_NAME "glog"
| #define PACKAGE_TARNAME "glog"
| #define PACKAGE_VERSION "0.3.3"
| #define PACKAGE_STRING "glog 0.3.3"
| #define PACKAGE_BUGREPORT "opensource@google.com"
| #define PACKAGE "glog"
| #define VERSION "0.3.3"
| /* end confdefs.h.  */
| #include <ac_nonexistent.h>
configure:3914: checking for g++
configure:3930: found /usr/bin/g++
configure:3941: result: g++
configure:3968: checking for C++ compiler version
configure:3976: g++ --version >&5
g++ (GCC) 4.4.7 20120313 (Red Hat 4.4.7-3)
Copyright (C) 2010 Free Software Foundation, Inc.
This is free software; see the source for copying conditions.  There is NO
warranty; not even for MERCHANTABILITY or FITNESS FOR A PARTICULAR PURPOSE.

configure:3980: $? = 0
configure:3987: g++ -v >&5
Using built-in specs.
Target: x86_64-redhat-linux
Configured with: ../configure --prefix=/usr --mandir=/usr/share/man --infodir=/usr/share/info --with-bugurl=http://bugzilla.redhat.com/bugzilla --enable-bootstrap --enable-shared --enable-threads=posix --enable-checking=release --with-system-zlib --enable-__cxa_atexit --disable-libunwind-exceptions --enable-gnu-unique-object --enable-languages=c,c++,objc,obj-c++,java,fortran,ada --enable-java-awt=gtk --disable-dssi --with-java-home=/usr/lib/jvm/java-1.5.0-gcj-1.5.0.0/jre --enable-libgcj-multifile --enable-java-maintainer-mode --with-ecj-jar=/usr/share/java/eclipse-ecj.jar --disable-libjava-multilib --with-ppl --with-cloog --with-tune=generic --with-arch_32=i686 --build=x86_64-redhat-linux
Thread model: posix
gcc version 4.4.7 20120313 (Red Hat 4.4.7-3) (GCC) 
configure:3991: $? = 0
configure:3998: g++ -V >&5
g++: '-V' option must have argument
configure:4002: $? = 1
configure:4005: checking whether we are using the GNU C++ compiler
configure:4034: g++ -c   conftest.cpp >&5
configure:4041: $? = 0
configure:4058: result: yes
configure:4067: checking whether g++ accepts -g
configure:4097: g++ -c -g  conftest.cpp >&5
configure:4104: $? = 0
configure:4205: result: yes
configure:4230: checking dependency style of g++
configure:4340: result: gcc3
configure:4395: checking build system type
configure:4413: result: x86_64-unknown-linux-gnu
configure:4435: checking host system type
configure:4450: result: x86_64-unknown-linux-gnu
configure:4493: checking how to print strings
configure:4520: result: printf
configure:4541: checking for a sed that does not truncate output
configure:4607: result: /bin/sed
configure:4625: checking for grep that handles long lines and -e
configure:4685: result: /bin/grep
configure:4690: checking for egrep
configure:4754: result: /bin/grep -E
configure:4759: checking for fgrep
configure:4823: result: /bin/grep -F
configure:4858: checking for ld used by gcc
configure:4925: result: /usr/bin/ld
configure:4934: checking if the linker (/usr/bin/ld) is GNU ld
configure:4949: result: yes
configure:4961: checking for BSD- or MS-compatible name lister (nm)
configure:5010: result: /usr/bin/nm -B
configure:5140: checking the name lister (/usr/bin/nm -B) interface
configure:5147: g++ -c -g -O2  conftest.cpp >&5
configure:5150: /usr/bin/nm -B "conftest.o"
configure:5153: output
0000000000000000 B some_variable
configure:5160: result: BSD nm
configure:5163: checking whether ln -s works
configure:5167: result: yes
configure:5175: checking the maximum length of command line arguments
configure:5305: result: 1966080
configure:5322: checking whether the shell understands some XSI constructs
configure:5332: result: yes
configure:5336: checking whether the shell understands "+="
configure:5342: result: yes
configure:5377: checking how to convert x86_64-unknown-linux-gnu file names to x86_64-unknown-linux-gnu format
configure:5417: result: func_convert_file_noop
configure:5424: checking how to convert x86_64-unknown-linux-gnu file names to toolchain format
configure:5444: result: func_convert_file_noop
configure:5451: checking for /usr/bin/ld option to reload object files
configure:5458: result: -r
configure:5532: checking for objdump
configure:5548: found /usr/bin/objdump
configure:5559: result: objdump
configure:5591: checking how to recognize dependent libraries
configure:5793: result: pass_all
configure:5878: checking for dlltool
configure:5908: result: no
configure:5938: checking how to associate runtime and link libraries
configure:5965: result: printf %s\n
configure:6026: checking for ar
configure:6042: found /usr/bin/ar
configure:6053: result: ar
configure:6090: checking for archiver @FILE support
configure:6117: g++ -c -g -O2  conftest.cpp >&5
configure:6124: $? = 0
configure:6131: ar cru libconftest.a @conftest.lst >&5
configure:6134: $? = 0
configure:6139: ar cru libconftest.a @conftest.lst >&5
ar: conftest.o: No such file or directory
configure:6142: $? = 1
configure:6160: result: @
configure:6218: checking for strip
configure:6234: found /usr/bin/strip
configure:6245: result: strip
configure:6317: checking for ranlib
configure:6333: found /usr/bin/ranlib
configure:6344: result: ranlib
configure:6446: checking command to parse /usr/bin/nm -B output from gcc object
configure:6566: g++ -c -g -O2  conftest.cpp >&5
configure:6569: $? = 0
configure:6573: /usr/bin/nm -B conftest.o \| sed -n -e 's/^.*[ ]\([ABCDGIRSTW][ABCDGIRSTW]*\)[ ][ ]*\([_A-Za-z][_A-Za-z0-9]*\)$/\1 \2 \2/p' | sed '/ __gnu_lto/d' \> conftest.nm
configure:6576: $? = 0
configure:6642: g++ -o conftest -g -O2   conftest.cpp conftstm.o >&5
configure:6645: $? = 0
configure:6683: result: ok
configure:6720: checking for sysroot
configure:6752: result: no
configure:6830: g++ -c -g -O2  conftest.cpp >&5
configure:6833: $? = 0
configure:7038: checking for mt
configure:7068: result: no
configure:7088: checking if : is a manifest tool
configure:7094: : '-?'
configure:7102: result: no
configure:7769: checking for ANSI C header files
configure:7799: g++ -c -g -O2  conftest.cpp >&5
configure:7806: $? = 0
./configure: line 7832: conftest.cpp: command not found
configure:7937: result: no
configure:7961: checking for sys/types.h
configure:7982: g++ -c -g -O2  conftest.cpp >&5
configure:7989: $? = 0
configure:8006: result: yes
configure:7961: checking for sys/stat.h
configure:7982: g++ -c -g -O2  conftest.cpp >&5
configure:7989: $? = 0
configure:8006: result: yes
configure:7961: checking for stdlib.h
configure:7982: g++ -c -g -O2  conftest.cpp >&5
configure:7989: $? = 0
configure:8006: result: yes
configure:7961: checking for string.h
configure:7982: g++ -c -g -O2  conftest.cpp >&5
configure:7989: $? = 0
configure:8006: result: yes
configure:7961: checking for memory.h
configure:7982: g++ -c -g -O2  conftest.cpp >&5
configure:7989: $? = 0
configure:8006: result: yes
configure:7961: checking for strings.h
configure:7982: g++ -c -g -O2  conftest.cpp >&5
configure:7989: $? = 0
configure:8006: result: yes
configure:7961: checking for inttypes.h
configure:7982: g++ -c -g -O2  conftest.cpp >&5
configure:7989: $? = 0
configure:8006: result: yes
configure:7961: checking for stdint.h
configure:7982: g++ -c -g -O2  conftest.cpp >&5
configure:7989: $? = 0
configure:8006: result: yes
configure:7961: checking for unistd.h
configure:7982: g++ -c -g -O2  conftest.cpp >&5
configure:7989: $? = 0
configure:8006: result: yes
configure:8024: checking for dlfcn.h
configure:8045: g++ -c -g -O2  conftest.cpp >&5
configure:8052: $? = 0
configure:8069: result: yes
configure:8287: checking for objdir
configure:8302: result: .libs
configure:8573: checking if gcc supports -fno-rtti -fno-exceptions
configure:8591: gcc -c -g -O2  -fno-rtti -fno-exceptions conftest.c >&5
cc1: warning: command line option "-fno-rtti" is valid for C++/ObjC++ but not for C
configure:8595: $? = 0
configure:8608: result: no
configure:8935: checking for gcc option to produce PIC
configure:8942: result: -fPIC -DPIC
configure:8950: checking if gcc PIC flag -fPIC -DPIC works
configure:8968: gcc -c -g -O2  -fPIC -DPIC -DPIC conftest.c >&5
configure:8972: $? = 0
configure:8985: result: yes
configure:9014: checking if gcc static flag -static works
configure:9042: result: no
configure:9057: checking if gcc supports -c -o file.o
configure:9078: gcc -c -g -O2  -o out/conftest2.o conftest.c >&5
configure:9082: $? = 0
configure:9104: result: yes
configure:9112: checking if gcc supports -c -o file.o
configure:9159: result: yes
configure:9192: checking whether the gcc linker (/usr/bin/ld -m elf_x86_64) supports shared libraries
configure:10440: result: yes
configure:10680: checking dynamic linker characteristics
configure:11201: gcc -o conftest -g -O2   -Wl,-rpath -Wl,/foo conftest.c  >&5
configure:11208: $? = 0
configure:11457: result: GNU/Linux ld.so
configure:11564: checking how to hardcode library paths into programs
configure:11589: result: immediate
configure:12442: checking whether stripping libraries is possible
configure:12447: result: yes
configure:12482: checking if libtool supports shared libraries
configure:12484: result: yes
configure:12487: checking whether to build shared libraries
configure:12508: result: no
configure:12511: checking whether to build static libraries
configure:12515: result: yes
configure:12538: checking how to run the C++ preprocessor
configure:12574: g++ -E  conftest.cpp
configure:12581: $? = 0
configure:12612: g++ -E  conftest.cpp
conftest.cpp:21:28: error: ac_nonexistent.h: No such file or directory
configure:12619: $? = 1
configure: failed program was:
| /* confdefs.h.  */
| #define PACKAGE_NAME "glog"
| #define PACKAGE_TARNAME "glog"
| #define PACKAGE_VERSION "0.3.3"
| #define PACKAGE_STRING "glog 0.3.3"
| #define PACKAGE_BUGREPORT "opensource@google.com"
| #define PACKAGE "glog"
| #define VERSION "0.3.3"
| #define HAVE_SYS_TYPES_H 1
| #define HAVE_SYS_STAT_H 1
| #define HAVE_STDLIB_H 1
| #define HAVE_STRING_H 1
| #define HAVE_MEMORY_H 1
| #define HAVE_STRINGS_H 1
| #define HAVE_INTTYPES_H 1
| #define HAVE_STDINT_H 1
| #define HAVE_UNISTD_H 1
| #define HAVE_DLFCN_H 1
| #define LT_OBJDIR ".libs/"
| /* end confdefs.h.  */
| #include <ac_nonexistent.h>
configure:12652: result: g++ -E
configure:12681: g++ -E  conftest.cpp
configure:12688: $? = 0
configure:12719: g++ -E  conftest.cpp
conftest.cpp:21:28: error: ac_nonexistent.h: No such file or directory
configure:12726: $? = 1
configure: failed program was:
| /* confdefs.h.  */
| #define PACKAGE_NAME "glog"
| #define PACKAGE_TARNAME "glog"
| #define PACKAGE_VERSION "0.3.3"
| #define PACKAGE_STRING "glog 0.3.3"
| #define PACKAGE_BUGREPORT "opensource@google.com"
| #define PACKAGE "glog"
| #define VERSION "0.3.3"
| #define HAVE_SYS_TYPES_H 1
| #define HAVE_SYS_STAT_H 1
| #define HAVE_STDLIB_H 1
| #define HAVE_STRING_H 1
| #define HAVE_MEMORY_H 1
| #define HAVE_STRINGS_H 1
| #define HAVE_INTTYPES_H 1
| #define HAVE_STDINT_H 1
| #define HAVE_UNISTD_H 1
| #define HAVE_DLFCN_H 1
| #define LT_OBJDIR ".libs/"
| /* end confdefs.h.  */
| #include <ac_nonexistent.h>
configure:12906: checking for ld used by g++
configure:12973: result: /usr/bin/ld -m elf_x86_64
configure:12982: checking if the linker (/usr/bin/ld -m elf_x86_64) is GNU ld
configure:12997: result: yes
configure:13052: checking whether the g++ linker (/usr/bin/ld -m elf_x86_64) supports shared libraries
configure:14119: result: yes
configure:14155: g++ -c -g -O2  conftest.cpp >&5
configure:14158: $? = 0
configure:14678: checking for g++ option to produce PIC
configure:14685: result: -fPIC -DPIC
configure:14693: checking if g++ PIC flag -fPIC -DPIC works
configure:14711: g++ -c -g -O2  -fPIC -DPIC -DPIC conftest.cpp >&5
configure:14715: $? = 0
configure:14728: result: yes
configure:14751: checking if g++ static flag -static works
configure:14779: result: no
configure:14791: checking if g++ supports -c -o file.o
configure:14812: g++ -c -g -O2  -o out/conftest2.o conftest.cpp >&5
configure:14816: $? = 0
configure:14838: result: yes
configure:14843: checking if g++ supports -c -o file.o
configure:14890: result: yes
configure:14920: checking whether the g++ linker (/usr/bin/ld -m elf_x86_64) supports shared libraries
configure:14959: result: yes
configure:15100: checking dynamic linker characteristics
configure:15811: result: GNU/Linux ld.so
configure:15864: checking how to hardcode library paths into programs
configure:15889: result: immediate
configure:15954: checking for ANSI C header files
configure:16122: result: no
configure:16135: checking for stdint.h
configure:16140: result: yes
configure:16274: checking for sys/types.h
configure:16279: result: yes
configure:16413: checking for inttypes.h
configure:16418: result: yes
configure:16556: checking for unistd.h
configure:16563: result: yes
configure:16720: checking syscall.h usability
configure:16737: g++ -c -g -O2  conftest.cpp >&5
configure:16744: $? = 0
configure:16758: result: yes
configure:16762: checking syscall.h presence
configure:16777: g++ -E  conftest.cpp
configure:16784: $? = 0
configure:16798: result: yes
configure:16831: checking for syscall.h
configure:16840: result: yes
configure:16871: checking sys/syscall.h usability
configure:16888: g++ -c -g -O2  conftest.cpp >&5
configure:16895: $? = 0
configure:16909: result: yes
configure:16913: checking sys/syscall.h presence
configure:16928: g++ -E  conftest.cpp
configure:16935: $? = 0
configure:16949: result: yes
configure:16982: checking for sys/syscall.h
configure:16991: result: yes
configure:17023: checking execinfo.h usability
configure:17040: g++ -c -g -O2  conftest.cpp >&5
configure:17047: $? = 0
configure:17061: result: yes
configure:17065: checking execinfo.h presence
configure:17080: g++ -E  conftest.cpp
configure:17087: $? = 0
configure:17101: result: yes
configure:17134: checking for execinfo.h
configure:17143: result: yes
configure:17175: checking libunwind.h usability
configure:17192: g++ -c -g -O2  conftest.cpp >&5
conftest.cpp:58:23: error: libunwind.h: No such file or directory
configure:17199: $? = 1
configure: failed program was:
| /* confdefs.h.  */
| #define PACKAGE_NAME "glog"
| #define PACKAGE_TARNAME "glog"
| #define PACKAGE_VERSION "0.3.3"
| #define PACKAGE_STRING "glog 0.3.3"
| #define PACKAGE_BUGREPORT "opensource@google.com"
| #define PACKAGE "glog"
| #define VERSION "0.3.3"
| #define HAVE_SYS_TYPES_H 1
| #define HAVE_SYS_STAT_H 1
| #define HAVE_STDLIB_H 1
| #define HAVE_STRING_H 1
| #define HAVE_MEMORY_H 1
| #define HAVE_STRINGS_H 1
| #define HAVE_INTTYPES_H 1
| #define HAVE_STDINT_H 1
| #define HAVE_UNISTD_H 1
| #define HAVE_DLFCN_H 1
| #define LT_OBJDIR ".libs/"
| #define HAVE_UNISTD_H 1
| #define HAVE_SYSCALL_H 1
| #define HAVE_SYS_SYSCALL_H 1
| #define HAVE_EXECINFO_H 1
| /* end confdefs.h.  */
| #include <stdio.h>
| #ifdef HAVE_SYS_TYPES_H
| # include <sys/types.h>
| #endif
| #ifdef HAVE_SYS_STAT_H
| # include <sys/stat.h>
| #endif
| #ifdef STDC_HEADERS
| # include <stdlib.h>
| # include <stddef.h>
| #else
| # ifdef HAVE_STDLIB_H
| #  include <stdlib.h>
| # endif
| #endif
| #ifdef HAVE_STRING_H
| # if !defined STDC_HEADERS && defined HAVE_MEMORY_H
| #  include <memory.h>
| # endif
| # include <string.h>
| #endif
| #ifdef HAVE_STRINGS_H
| # include <strings.h>
| #endif
| #ifdef HAVE_INTTYPES_H
| # include <inttypes.h>
| #endif
| #ifdef HAVE_STDINT_H
| # include <stdint.h>
| #endif
| #ifdef HAVE_UNISTD_H
| # include <unistd.h>
| #endif
| #include <libunwind.h>
configure:17213: result: no
configure:17217: checking libunwind.h presence
configure:17232: g++ -E  conftest.cpp
conftest.cpp:25:23: error: libunwind.h: No such file or directory
configure:17239: $? = 1
configure: failed program was:
| /* confdefs.h.  */
| #define PACKAGE_NAME "glog"
| #define PACKAGE_TARNAME "glog"
| #define PACKAGE_VERSION "0.3.3"
| #define PACKAGE_STRING "glog 0.3.3"
| #define PACKAGE_BUGREPORT "opensource@google.com"
| #define PACKAGE "glog"
| #define VERSION "0.3.3"
| #define HAVE_SYS_TYPES_H 1
| #define HAVE_SYS_STAT_H 1
| #define HAVE_STDLIB_H 1
| #define HAVE_STRING_H 1
| #define HAVE_MEMORY_H 1
| #define HAVE_STRINGS_H 1
| #define HAVE_INTTYPES_H 1
| #define HAVE_STDINT_H 1
| #define HAVE_UNISTD_H 1
| #define HAVE_DLFCN_H 1
| #define LT_OBJDIR ".libs/"
| #define HAVE_UNISTD_H 1
| #define HAVE_SYSCALL_H 1
| #define HAVE_SYS_SYSCALL_H 1
| #define HAVE_EXECINFO_H 1
| /* end confdefs.h.  */
| #include <libunwind.h>
configure:17253: result: no
configure:17286: checking for libunwind.h
configure:17295: result: no
configure:17328: checking ucontext.h usability
configure:17345: g++ -c -g -O2  conftest.cpp >&5
configure:17352: $? = 0
configure:17366: result: yes
configure:17370: checking ucontext.h presence
configure:17385: g++ -E  conftest.cpp
configure:17392: $? = 0
configure:17406: result: yes
configure:17439: checking for ucontext.h
configure:17448: result: yes
configure:17479: checking sys/utsname.h usability
configure:17496: g++ -c -g -O2  conftest.cpp >&5
configure:17503: $? = 0
configure:17517: result: yes
configure:17521: checking sys/utsname.h presence
configure:17536: g++ -E  conftest.cpp
configure:17543: $? = 0
configure:17557: result: yes
configure:17590: checking for sys/utsname.h
configure:17599: result: yes
configure:17630: checking pwd.h usability
configure:17647: g++ -c -g -O2  conftest.cpp >&5
configure:17654: $? = 0
configure:17668: result: yes
configure:17672: checking pwd.h presence
configure:17687: g++ -E  conftest.cpp
configure:17694: $? = 0
configure:17708: result: yes
configure:17741: checking for pwd.h
configure:17750: result: yes
configure:17781: checking syslog.h usability
configure:17798: g++ -c -g -O2  conftest.cpp >&5
configure:17805: $? = 0
configure:17819: result: yes
configure:17823: checking syslog.h presence
configure:17838: g++ -E  conftest.cpp
configure:17845: $? = 0
configure:17859: result: yes
configure:17892: checking for syslog.h
configure:17901: result: yes
configure:17932: checking sys/time.h usability
configure:17949: g++ -c -g -O2  conftest.cpp >&5
configure:17956: $? = 0
configure:17970: result: yes
configure:17974: checking sys/time.h presence
configure:17989: g++ -E  conftest.cpp
configure:17996: $? = 0
configure:18010: result: yes
configure:18043: checking for sys/time.h
configure:18052: result: yes
configure:18083: checking glob.h usability
configure:18100: g++ -c -g -O2  conftest.cpp >&5
configure:18107: $? = 0
configure:18121: result: yes
configure:18125: checking glob.h presence
configure:18140: g++ -E  conftest.cpp
configure:18147: $? = 0
configure:18161: result: yes
configure:18194: checking for glob.h
configure:18203: result: yes
configure:18235: checking unwind.h usability
configure:18252: g++ -c -g -O2  conftest.cpp >&5
configure:18259: $? = 0
configure:18273: result: yes
configure:18277: checking unwind.h presence
configure:18292: g++ -E  conftest.cpp
configure:18299: $? = 0
configure:18313: result: yes
configure:18346: checking for unwind.h
configure:18355: result: yes
configure:18375: checking size of void *
configure:18680: g++ -o conftest -g -O2   conftest.cpp  >&5
configure:18684: $? = 0
configure:18690: ./conftest
configure:18694: $? = 0
configure:18720: result: 8
configure:18733: checking for uint16_t
configure:18761: g++ -c -g -O2  conftest.cpp >&5
configure:18768: $? = 0
configure:18795: g++ -c -g -O2  conftest.cpp >&5
conftest.cpp: In function 'int main()':
conftest.cpp:69: error: expected primary-expression before ')' token
configure:18802: $? = 1
configure: failed program was:
| /* confdefs.h.  */
| #define PACKAGE_NAME "glog"
| #define PACKAGE_TARNAME "glog"
| #define PACKAGE_VERSION "0.3.3"
| #define PACKAGE_STRING "glog 0.3.3"
| #define PACKAGE_BUGREPORT "opensource@google.com"
| #define PACKAGE "glog"
| #define VERSION "0.3.3"
| #define HAVE_SYS_TYPES_H 1
| #define HAVE_SYS_STAT_H 1
| #define HAVE_STDLIB_H 1
| #define HAVE_STRING_H 1
| #define HAVE_MEMORY_H 1
| #define HAVE_STRINGS_H 1
| #define HAVE_INTTYPES_H 1
| #define HAVE_STDINT_H 1
| #define HAVE_UNISTD_H 1
| #define HAVE_DLFCN_H 1
| #define LT_OBJDIR ".libs/"
| #define HAVE_UNISTD_H 1
| #define HAVE_SYSCALL_H 1
| #define HAVE_SYS_SYSCALL_H 1
| #define HAVE_EXECINFO_H 1
| #define HAVE_UCONTEXT_H 1
| #define HAVE_SYS_UTSNAME_H 1
| #define HAVE_PWD_H 1
| #define HAVE_SYSLOG_H 1
| #define HAVE_SYS_TIME_H 1
| #define HAVE_GLOB_H 1
| #define HAVE_UNWIND_H 1
| #define SIZEOF_VOID_P 8
| /* end confdefs.h.  */
| #include <stdio.h>
| #ifdef HAVE_SYS_TYPES_H
| # include <sys/types.h>
| #endif
| #ifdef HAVE_SYS_STAT_H
| # include <sys/stat.h>
| #endif
| #ifdef STDC_HEADERS
| # include <stdlib.h>
| # include <stddef.h>
| #else
| # ifdef HAVE_STDLIB_H
| #  include <stdlib.h>
| # endif
| #endif
| #ifdef HAVE_STRING_H
| # if !defined STDC_HEADERS && defined HAVE_MEMORY_H
| #  include <memory.h>
| # endif
| # include <string.h>
| #endif
| #ifdef HAVE_STRINGS_H
| # include <strings.h>
| #endif
| #ifdef HAVE_INTTYPES_H
| # include <inttypes.h>
| #endif
| #ifdef HAVE_STDINT_H
| # include <stdint.h>
| #endif
| #ifdef HAVE_UNISTD_H
| # include <unistd.h>
| #endif
| int
| main ()
| {
| if (sizeof ((uint16_t)))
| 	  return 0;
|   ;
|   return 0;
| }
configure:18825: result: yes
configure:18833: checking for u_int16_t
configure:18861: g++ -c -g -O2  conftest.cpp >&5
configure:18868: $? = 0
configure:18895: g++ -c -g -O2  conftest.cpp >&5
conftest.cpp: In function 'int main()':
conftest.cpp:69: error: expected primary-expression before ')' token
configure:18902: $? = 1
configure: failed program was:
| /* confdefs.h.  */
| #define PACKAGE_NAME "glog"
| #define PACKAGE_TARNAME "glog"
| #define PACKAGE_VERSION "0.3.3"
| #define PACKAGE_STRING "glog 0.3.3"
| #define PACKAGE_BUGREPORT "opensource@google.com"
| #define PACKAGE "glog"
| #define VERSION "0.3.3"
| #define HAVE_SYS_TYPES_H 1
| #define HAVE_SYS_STAT_H 1
| #define HAVE_STDLIB_H 1
| #define HAVE_STRING_H 1
| #define HAVE_MEMORY_H 1
| #define HAVE_STRINGS_H 1
| #define HAVE_INTTYPES_H 1
| #define HAVE_STDINT_H 1
| #define HAVE_UNISTD_H 1
| #define HAVE_DLFCN_H 1
| #define LT_OBJDIR ".libs/"
| #define HAVE_UNISTD_H 1
| #define HAVE_SYSCALL_H 1
| #define HAVE_SYS_SYSCALL_H 1
| #define HAVE_EXECINFO_H 1
| #define HAVE_UCONTEXT_H 1
| #define HAVE_SYS_UTSNAME_H 1
| #define HAVE_PWD_H 1
| #define HAVE_SYSLOG_H 1
| #define HAVE_SYS_TIME_H 1
| #define HAVE_GLOB_H 1
| #define HAVE_UNWIND_H 1
| #define SIZEOF_VOID_P 8
| /* end confdefs.h.  */
| #include <stdio.h>
| #ifdef HAVE_SYS_TYPES_H
| # include <sys/types.h>
| #endif
| #ifdef HAVE_SYS_STAT_H
| # include <sys/stat.h>
| #endif
| #ifdef STDC_HEADERS
| # include <stdlib.h>
| # include <stddef.h>
| #else
| # ifdef HAVE_STDLIB_H
| #  include <stdlib.h>
| # endif
| #endif
| #ifdef HAVE_STRING_H
| # if !defined STDC_HEADERS && defined HAVE_MEMORY_H
| #  include <memory.h>
| # endif
| # include <string.h>
| #endif
| #ifdef HAVE_STRINGS_H
| # include <strings.h>
| #endif
| #ifdef HAVE_INTTYPES_H
| # include <inttypes.h>
| #endif
| #ifdef HAVE_STDINT_H
| # include <stdint.h>
| #endif
| #ifdef HAVE_UNISTD_H
| # include <unistd.h>
| #endif
| int
| main ()
| {
| if (sizeof ((u_int16_t)))
| 	  return 0;
|   ;
|   return 0;
| }
configure:18925: result: yes
configure:18933: checking for __uint16
configure:18961: g++ -c -g -O2  conftest.cpp >&5
conftest.cpp: In function 'int main()':
conftest.cpp:69: error: '__uint16' was not declared in this scope
configure:18968: $? = 1
configure: failed program was:
| /* confdefs.h.  */
| #define PACKAGE_NAME "glog"
| #define PACKAGE_TARNAME "glog"
| #define PACKAGE_VERSION "0.3.3"
| #define PACKAGE_STRING "glog 0.3.3"
| #define PACKAGE_BUGREPORT "opensource@google.com"
| #define PACKAGE "glog"
| #define VERSION "0.3.3"
| #define HAVE_SYS_TYPES_H 1
| #define HAVE_SYS_STAT_H 1
| #define HAVE_STDLIB_H 1
| #define HAVE_STRING_H 1
| #define HAVE_MEMORY_H 1
| #define HAVE_STRINGS_H 1
| #define HAVE_INTTYPES_H 1
| #define HAVE_STDINT_H 1
| #define HAVE_UNISTD_H 1
| #define HAVE_DLFCN_H 1
| #define LT_OBJDIR ".libs/"
| #define HAVE_UNISTD_H 1
| #define HAVE_SYSCALL_H 1
| #define HAVE_SYS_SYSCALL_H 1
| #define HAVE_EXECINFO_H 1
| #define HAVE_UCONTEXT_H 1
| #define HAVE_SYS_UTSNAME_H 1
| #define HAVE_PWD_H 1
| #define HAVE_SYSLOG_H 1
| #define HAVE_SYS_TIME_H 1
| #define HAVE_GLOB_H 1
| #define HAVE_UNWIND_H 1
| #define SIZEOF_VOID_P 8
| /* end confdefs.h.  */
| #include <stdio.h>
| #ifdef HAVE_SYS_TYPES_H
| # include <sys/types.h>
| #endif
| #ifdef HAVE_SYS_STAT_H
| # include <sys/stat.h>
| #endif
| #ifdef STDC_HEADERS
| # include <stdlib.h>
| # include <stddef.h>
| #else
| # ifdef HAVE_STDLIB_H
| #  include <stdlib.h>
| # endif
| #endif
| #ifdef HAVE_STRING_H
| # if !defined STDC_HEADERS && defined HAVE_MEMORY_H
| #  include <memory.h>
| # endif
| # include <string.h>
| #endif
| #ifdef HAVE_STRINGS_H
| # include <strings.h>
| #endif
| #ifdef HAVE_INTTYPES_H
| # include <inttypes.h>
| #endif
| #ifdef HAVE_STDINT_H
| # include <stdint.h>
| #endif
| #ifdef HAVE_UNISTD_H
| # include <unistd.h>
| #endif
| int
| main ()
| {
| if (sizeof (__uint16))
|        return 0;
|   ;
|   return 0;
| }
configure:19025: result: no
configure:19034: checking for sigaltstack
configure:19090: g++ -o conftest -g -O2   conftest.cpp  >&5
configure:19097: $? = 0
configure:19117: result: yes
configure:19127: checking for dladdr
configure:19183: g++ -o conftest -g -O2   conftest.cpp  >&5
/tmp/ccDmyyC9.o: In function `main':
/home/supdev/glog/conftest.cpp:68: undefined reference to `dladdr'
collect2: ld returned 1 exit status
configure:19190: $? = 1
configure: failed program was:
| /* confdefs.h.  */
| #define PACKAGE_NAME "glog"
| #define PACKAGE_TARNAME "glog"
| #define PACKAGE_VERSION "0.3.3"
| #define PACKAGE_STRING "glog 0.3.3"
| #define PACKAGE_BUGREPORT "opensource@google.com"
| #define PACKAGE "glog"
| #define VERSION "0.3.3"
| #define HAVE_SYS_TYPES_H 1
| #define HAVE_SYS_STAT_H 1
| #define HAVE_STDLIB_H 1
| #define HAVE_STRING_H 1
| #define HAVE_MEMORY_H 1
| #define HAVE_STRINGS_H 1
| #define HAVE_INTTYPES_H 1
| #define HAVE_STDINT_H 1
| #define HAVE_UNISTD_H 1
| #define HAVE_DLFCN_H 1
| #define LT_OBJDIR ".libs/"
| #define HAVE_UNISTD_H 1
| #define HAVE_SYSCALL_H 1
| #define HAVE_SYS_SYSCALL_H 1
| #define HAVE_EXECINFO_H 1
| #define HAVE_UCONTEXT_H 1
| #define HAVE_SYS_UTSNAME_H 1
| #define HAVE_PWD_H 1
| #define HAVE_SYSLOG_H 1
| #define HAVE_SYS_TIME_H 1
| #define HAVE_GLOB_H 1
| #define HAVE_UNWIND_H 1
| #define SIZEOF_VOID_P 8
| #define HAVE_SIGALTSTACK 1
| /* end confdefs.h.  */
| /* Define dladdr to an innocuous variant, in case <limits.h> declares dladdr.
|    For example, HP-UX 11i <limits.h> declares gettimeofday.  */
| #define dladdr innocuous_dladdr
| 
| /* System header to define __stub macros and hopefully few prototypes,
|     which can conflict with char dladdr (); below.
|     Prefer <limits.h> to <assert.h> if __STDC__ is defined, since
|     <limits.h> exists even on freestanding compilers.  */
| 
| #ifdef __STDC__
| # include <limits.h>
| #else
| # include <assert.h>
| #endif
| 
| #undef dladdr
| 
| /* Override any GCC internal prototype to avoid an error.
|    Use char because int might match the return type of a GCC
|    builtin and then its argument prototype would still apply.  */
| #ifdef __cplusplus
| extern "C"
| #endif
| char dladdr ();
| /* The GNU C library defines this for functions which it implements
|     to always fail with ENOSYS.  Some functions are actually named
|     something starting with __ and the normal name is an alias.  */
| #if defined __stub_dladdr || defined __stub___dladdr
| choke me
| #endif
| 
| int
| main ()
| {
| return dladdr ();
|   ;
|   return 0;
| }
configure:19210: result: no
configure:19220: checking for fcntl
configure:19276: g++ -o conftest -g -O2   conftest.cpp  >&5
configure:19283: $? = 0
configure:19303: result: yes
configure:19315: checking for __attribute__
configure:19344: g++ -c -g -O2  conftest.cpp >&5
configure:19351: $? = 0
configure:19375: result: yes
configure:19390: checking for __builtin_expect
configure:19417: g++ -c -g -O2  conftest.cpp >&5
configure:19424: $? = 0
configure:19448: result: yes
configure:19458: checking for __sync_val_compare_and_swap
configure:19485: g++ -o conftest -g -O2   conftest.cpp  >&5
configure:19492: $? = 0
configure:19521: result: yes
configure:19555: g++ -c -g -O2  conftest.cpp >&5
configure:19562: $? = 0
configure:19811: checking for the pthreads library -lpthreads
configure:19854: gcc -o conftest -g -O2    conftest.c -lpthreads  >&5
/usr/bin/ld: cannot find -lpthreads
collect2: ld returned 1 exit status
configure:19861: $? = 1
configure: failed program was:
| /* confdefs.h.  */
| #define PACKAGE_NAME "glog"
| #define PACKAGE_TARNAME "glog"
| #define PACKAGE_VERSION "0.3.3"
| #define PACKAGE_STRING "glog 0.3.3"
| #define PACKAGE_BUGREPORT "opensource@google.com"
| #define PACKAGE "glog"
| #define VERSION "0.3.3"
| #define HAVE_SYS_TYPES_H 1
| #define HAVE_SYS_STAT_H 1
| #define HAVE_STDLIB_H 1
| #define HAVE_STRING_H 1
| #define HAVE_MEMORY_H 1
| #define HAVE_STRINGS_H 1
| #define HAVE_INTTYPES_H 1
| #define HAVE_STDINT_H 1
| #define HAVE_UNISTD_H 1
| #define HAVE_DLFCN_H 1
| #define LT_OBJDIR ".libs/"
| #define HAVE_UNISTD_H 1
| #define HAVE_SYSCALL_H 1
| #define HAVE_SYS_SYSCALL_H 1
| #define HAVE_EXECINFO_H 1
| #define HAVE_UCONTEXT_H 1
| #define HAVE_SYS_UTSNAME_H 1
| #define HAVE_PWD_H 1
| #define HAVE_SYSLOG_H 1
| #define HAVE_SYS_TIME_H 1
| #define HAVE_GLOB_H 1
| #define HAVE_UNWIND_H 1
| #define SIZEOF_VOID_P 8
| #define HAVE_SIGALTSTACK 1
| #define HAVE_FCNTL 1
| #define HAVE___ATTRIBUTE__ 1
| #define HAVE___BUILTIN_EXPECT 1
| #define HAVE___SYNC_VAL_COMPARE_AND_SWAP 1
| /* end confdefs.h.  */
| #include <pthread.h>
| int
| main ()
| {
| pthread_t th; pthread_join(th, 0);
|                      pthread_attr_init(0); pthread_cleanup_push(0, 0);
|                      pthread_create(0,0,0,0); pthread_cleanup_pop(0);
|   ;
|   return 0;
| }
configure:19884: result: no
configure:19756: checking whether pthreads work without any flags
configure:19854: gcc -o conftest -g -O2    conftest.c   >&5
/tmp/ccw3jy3o.o: In function `main':
/home/supdev/glog/conftest.c:42: undefined reference to `pthread_join'
/home/supdev/glog/conftest.c:43: undefined reference to `__pthread_register_cancel'
/home/supdev/glog/conftest.c:44: undefined reference to `pthread_create'
/home/supdev/glog/conftest.c:44: undefined reference to `__pthread_unregister_cancel'
collect2: ld returned 1 exit status
configure:19861: $? = 1
configure: failed program was:
| /* confdefs.h.  */
| #define PACKAGE_NAME "glog"
| #define PACKAGE_TARNAME "glog"
| #define PACKAGE_VERSION "0.3.3"
| #define PACKAGE_STRING "glog 0.3.3"
| #define PACKAGE_BUGREPORT "opensource@google.com"
| #define PACKAGE "glog"
| #define VERSION "0.3.3"
| #define HAVE_SYS_TYPES_H 1
| #define HAVE_SYS_STAT_H 1
| #define HAVE_STDLIB_H 1
| #define HAVE_STRING_H 1
| #define HAVE_MEMORY_H 1
| #define HAVE_STRINGS_H 1
| #define HAVE_INTTYPES_H 1
| #define HAVE_STDINT_H 1
| #define HAVE_UNISTD_H 1
| #define HAVE_DLFCN_H 1
| #define LT_OBJDIR ".libs/"
| #define HAVE_UNISTD_H 1
| #define HAVE_SYSCALL_H 1
| #define HAVE_SYS_SYSCALL_H 1
| #define HAVE_EXECINFO_H 1
| #define HAVE_UCONTEXT_H 1
| #define HAVE_SYS_UTSNAME_H 1
| #define HAVE_PWD_H 1
| #define HAVE_SYSLOG_H 1
| #define HAVE_SYS_TIME_H 1
| #define HAVE_GLOB_H 1
| #define HAVE_UNWIND_H 1
| #define SIZEOF_VOID_P 8
| #define HAVE_SIGALTSTACK 1
| #define HAVE_FCNTL 1
| #define HAVE___ATTRIBUTE__ 1
| #define HAVE___BUILTIN_EXPECT 1
| #define HAVE___SYNC_VAL_COMPARE_AND_SWAP 1
| /* end confdefs.h.  */
| #include <pthread.h>
| int
| main ()
| {
| pthread_t th; pthread_join(th, 0);
|                      pthread_attr_init(0); pthread_cleanup_push(0, 0);
|                      pthread_create(0,0,0,0); pthread_cleanup_pop(0);
|   ;
|   return 0;
| }
configure:19884: result: no
configure:19761: checking whether pthreads work with -Kthread
configure:19854: gcc -o conftest -g -O2 -Kthread   conftest.c   >&5
gcc: unrecognized option '-Kthread'
/tmp/ccZy1bRt.o: In function `main':
/home/supdev/glog/conftest.c:42: undefined reference to `pthread_join'
/home/supdev/glog/conftest.c:43: undefined reference to `__pthread_register_cancel'
/home/supdev/glog/conftest.c:44: undefined reference to `pthread_create'
/home/supdev/glog/conftest.c:44: undefined reference to `__pthread_unregister_cancel'
collect2: ld returned 1 exit status
configure:19861: $? = 1
configure: failed program was:
| /* confdefs.h.  */
| #define PACKAGE_NAME "glog"
| #define PACKAGE_TARNAME "glog"
| #define PACKAGE_VERSION "0.3.3"
| #define PACKAGE_STRING "glog 0.3.3"
| #define PACKAGE_BUGREPORT "opensource@google.com"
| #define PACKAGE "glog"
| #define VERSION "0.3.3"
| #define HAVE_SYS_TYPES_H 1
| #define HAVE_SYS_STAT_H 1
| #define HAVE_STDLIB_H 1
| #define HAVE_STRING_H 1
| #define HAVE_MEMORY_H 1
| #define HAVE_STRINGS_H 1
| #define HAVE_INTTYPES_H 1
| #define HAVE_STDINT_H 1
| #define HAVE_UNISTD_H 1
| #define HAVE_DLFCN_H 1
| #define LT_OBJDIR ".libs/"
| #define HAVE_UNISTD_H 1
| #define HAVE_SYSCALL_H 1
| #define HAVE_SYS_SYSCALL_H 1
| #define HAVE_EXECINFO_H 1
| #define HAVE_UCONTEXT_H 1
| #define HAVE_SYS_UTSNAME_H 1
| #define HAVE_PWD_H 1
| #define HAVE_SYSLOG_H 1
| #define HAVE_SYS_TIME_H 1
| #define HAVE_GLOB_H 1
| #define HAVE_UNWIND_H 1
| #define SIZEOF_VOID_P 8
| #define HAVE_SIGALTSTACK 1
| #define HAVE_FCNTL 1
| #define HAVE___ATTRIBUTE__ 1
| #define HAVE___BUILTIN_EXPECT 1
| #define HAVE___SYNC_VAL_COMPARE_AND_SWAP 1
| /* end confdefs.h.  */
| #include <pthread.h>
| int
| main ()
| {
| pthread_t th; pthread_join(th, 0);
|                      pthread_attr_init(0); pthread_cleanup_push(0, 0);
|                      pthread_create(0,0,0,0); pthread_cleanup_pop(0);
|   ;
|   return 0;
| }
configure:19884: result: no
configure:19761: checking whether pthreads work with -kthread
configure:19854: gcc -o conftest -g -O2 -kthread   conftest.c   >&5
gcc: unrecognized option '-kthread'
/tmp/ccqSJqFv.o: In function `main':
/home/supdev/glog/conftest.c:42: undefined reference to `pthread_join'
/home/supdev/glog/conftest.c:43: undefined reference to `__pthread_register_cancel'
/home/supdev/glog/conftest.c:44: undefined reference to `pthread_create'
/home/supdev/glog/conftest.c:44: undefined reference to `__pthread_unregister_cancel'
collect2: ld returned 1 exit status
configure:19861: $? = 1
configure: failed program was:
| /* confdefs.h.  */
| #define PACKAGE_NAME "glog"
| #define PACKAGE_TARNAME "glog"
| #define PACKAGE_VERSION "0.3.3"
| #define PACKAGE_STRING "glog 0.3.3"
| #define PACKAGE_BUGREPORT "opensource@google.com"
| #define PACKAGE "glog"
| #define VERSION "0.3.3"
| #define HAVE_SYS_TYPES_H 1
| #define HAVE_SYS_STAT_H 1
| #define HAVE_STDLIB_H 1
| #define HAVE_STRING_H 1
| #define HAVE_MEMORY_H 1
| #define HAVE_STRINGS_H 1
| #define HAVE_INTTYPES_H 1
| #define HAVE_STDINT_H 1
| #define HAVE_UNISTD_H 1
| #define HAVE_DLFCN_H 1
| #define LT_OBJDIR ".libs/"
| #define HAVE_UNISTD_H 1
| #define HAVE_SYSCALL_H 1
| #define HAVE_SYS_SYSCALL_H 1
| #define HAVE_EXECINFO_H 1
| #define HAVE_UCONTEXT_H 1
| #define HAVE_SYS_UTSNAME_H 1
| #define HAVE_PWD_H 1
| #define HAVE_SYSLOG_H 1
| #define HAVE_SYS_TIME_H 1
| #define HAVE_GLOB_H 1
| #define HAVE_UNWIND_H 1
| #define SIZEOF_VOID_P 8
| #define HAVE_SIGALTSTACK 1
| #define HAVE_FCNTL 1
| #define HAVE___ATTRIBUTE__ 1
| #define HAVE___BUILTIN_EXPECT 1
| #define HAVE___SYNC_VAL_COMPARE_AND_SWAP 1
| /* end confdefs.h.  */
| #include <pthread.h>
| int
| main ()
| {
| pthread_t th; pthread_join(th, 0);
|                      pthread_attr_init(0); pthread_cleanup_push(0, 0);
|                      pthread_create(0,0,0,0); pthread_cleanup_pop(0);
|   ;
|   return 0;
| }
configure:19884: result: no
configure:19811: checking for the pthreads library -llthread
configure:19854: gcc -o conftest -g -O2    conftest.c -llthread  >&5
/usr/bin/ld: cannot find -llthread
collect2: ld returned 1 exit status
configure:19861: $? = 1
configure: failed program was:
| /* confdefs.h.  */
| #define PACKAGE_NAME "glog"
| #define PACKAGE_TARNAME "glog"
| #define PACKAGE_VERSION "0.3.3"
| #define PACKAGE_STRING "glog 0.3.3"
| #define PACKAGE_BUGREPORT "opensource@google.com"
| #define PACKAGE "glog"
| #define VERSION "0.3.3"
| #define HAVE_SYS_TYPES_H 1
| #define HAVE_SYS_STAT_H 1
| #define HAVE_STDLIB_H 1
| #define HAVE_STRING_H 1
| #define HAVE_MEMORY_H 1
| #define HAVE_STRINGS_H 1
| #define HAVE_INTTYPES_H 1
| #define HAVE_STDINT_H 1
| #define HAVE_UNISTD_H 1
| #define HAVE_DLFCN_H 1
| #define LT_OBJDIR ".libs/"
| #define HAVE_UNISTD_H 1
| #define HAVE_SYSCALL_H 1
| #define HAVE_SYS_SYSCALL_H 1
| #define HAVE_EXECINFO_H 1
| #define HAVE_UCONTEXT_H 1
| #define HAVE_SYS_UTSNAME_H 1
| #define HAVE_PWD_H 1
| #define HAVE_SYSLOG_H 1
| #define HAVE_SYS_TIME_H 1
| #define HAVE_GLOB_H 1
| #define HAVE_UNWIND_H 1
| #define SIZEOF_VOID_P 8
| #define HAVE_SIGALTSTACK 1
| #define HAVE_FCNTL 1
| #define HAVE___ATTRIBUTE__ 1
| #define HAVE___BUILTIN_EXPECT 1
| #define HAVE___SYNC_VAL_COMPARE_AND_SWAP 1
| /* end confdefs.h.  */
| #include <pthread.h>
| int
| main ()
| {
| pthread_t th; pthread_join(th, 0);
|                      pthread_attr_init(0); pthread_cleanup_push(0, 0);
|                      pthread_create(0,0,0,0); pthread_cleanup_pop(0);
|   ;
|   return 0;
| }
configure:19884: result: no
configure:19761: checking whether pthreads work with -pthread
configure:19854: gcc -o conftest -g -O2 -pthread   conftest.c   >&5
configure:19861: $? = 0
configure:19884: result: yes
configure:19903: checking for joinable pthread attribute
configure:19928: gcc -o conftest -g -O2 -pthread   conftest.c   >&5
configure:19935: $? = 0
configure:19955: result: PTHREAD_CREATE_JOINABLE
configure:19965: checking if more special flags are required for pthreads
configure:19972: result: no
configure:20061: checking whether to check for GCC pthread/shared inconsistencies
configure:20084: gcc -o conftest -shared -fPIC -Wl,-z,defs -g -O2 -pthread   conftest.c   >&5
configure:20091: $? = 0
configure:20115: result: yes
configure:20121: checking whether -pthread is sufficient with -shared
configure:20146: gcc -o conftest -shared -fPIC -Wl,-z,defs -g -O2 -pthread   conftest.c   >&5
configure:20153: $? = 0
configure:20174: result: yes
configure:20358: checking for pthread_self in -lpthread
configure:20393: g++ -o conftest -g -O2   conftest.cpp -lpthread   >&5
configure:20400: $? = 0
configure:20421: result: yes
configure:20447: checking for main in -lgflags
configure:20476: g++ -o conftest -g -O2   conftest.cpp -lgflags  -lpthread  >&5
/usr/bin/ld: cannot find -lgflags
collect2: ld returned 1 exit status
configure:20483: $? = 1
configure: failed program was:
| /* confdefs.h.  */
| #define PACKAGE_NAME "glog"
| #define PACKAGE_TARNAME "glog"
| #define PACKAGE_VERSION "0.3.3"
| #define PACKAGE_STRING "glog 0.3.3"
| #define PACKAGE_BUGREPORT "opensource@google.com"
| #define PACKAGE "glog"
| #define VERSION "0.3.3"
| #define HAVE_SYS_TYPES_H 1
| #define HAVE_SYS_STAT_H 1
| #define HAVE_STDLIB_H 1
| #define HAVE_STRING_H 1
| #define HAVE_MEMORY_H 1
| #define HAVE_STRINGS_H 1
| #define HAVE_INTTYPES_H 1
| #define HAVE_STDINT_H 1
| #define HAVE_UNISTD_H 1
| #define HAVE_DLFCN_H 1
| #define LT_OBJDIR ".libs/"
| #define HAVE_UNISTD_H 1
| #define HAVE_SYSCALL_H 1
| #define HAVE_SYS_SYSCALL_H 1
| #define HAVE_EXECINFO_H 1
| #define HAVE_UCONTEXT_H 1
| #define HAVE_SYS_UTSNAME_H 1
| #define HAVE_PWD_H 1
| #define HAVE_SYSLOG_H 1
| #define HAVE_SYS_TIME_H 1
| #define HAVE_GLOB_H 1
| #define HAVE_UNWIND_H 1
| #define SIZEOF_VOID_P 8
| #define HAVE_SIGALTSTACK 1
| #define HAVE_FCNTL 1
| #define HAVE___ATTRIBUTE__ 1
| #define HAVE___BUILTIN_EXPECT 1
| #define HAVE___SYNC_VAL_COMPARE_AND_SWAP 1
| #define HAVE_PTHREAD 1
| #define HAVE_LIBPTHREAD 1
| /* end confdefs.h.  */
| 
| 
| int
| main ()
| {
| return main ();
|   ;
|   return 0;
| }
configure:20504: result: no
configure:20533: checking for gtest-config
configure:20563: result: no
configure:20730: checking support for pthread_rwlock_* functions
configure:20766: gcc -c -g -O2  conftest.c >&5
configure:20773: $? = 0
configure:20795: result: yes
configure:20808: checking whether the compiler implements namespaces
configure:20842: g++ -c -g -O2  conftest.cpp >&5
configure:20849: $? = 0
configure:20870: result: yes
configure:20879: checking what namespace STL code is in
configure:20913: g++ -c -g -O2  conftest.cpp >&5
conftest.cpp: In function 'int main()':
conftest.cpp:46: error: 'vector' was not declared in this scope
conftest.cpp:46: error: expected primary-expression before 'int'
conftest.cpp:46: error: expected ';' before 'int'
configure:20920: $? = 1
configure: failed program was:
| /* confdefs.h.  */
| #define PACKAGE_NAME "glog"
| #define PACKAGE_TARNAME "glog"
| #define PACKAGE_VERSION "0.3.3"
| #define PACKAGE_STRING "glog 0.3.3"
| #define PACKAGE_BUGREPORT "opensource@google.com"
| #define PACKAGE "glog"
| #define VERSION "0.3.3"
| #define HAVE_SYS_TYPES_H 1
| #define HAVE_SYS_STAT_H 1
| #define HAVE_STDLIB_H 1
| #define HAVE_STRING_H 1
| #define HAVE_MEMORY_H 1
| #define HAVE_STRINGS_H 1
| #define HAVE_INTTYPES_H 1
| #define HAVE_STDINT_H 1
| #define HAVE_UNISTD_H 1
| #define HAVE_DLFCN_H 1
| #define LT_OBJDIR ".libs/"
| #define HAVE_UNISTD_H 1
| #define HAVE_SYSCALL_H 1
| #define HAVE_SYS_SYSCALL_H 1
| #define HAVE_EXECINFO_H 1
| #define HAVE_UCONTEXT_H 1
| #define HAVE_SYS_UTSNAME_H 1
| #define HAVE_PWD_H 1
| #define HAVE_SYSLOG_H 1
| #define HAVE_SYS_TIME_H 1
| #define HAVE_GLOB_H 1
| #define HAVE_UNWIND_H 1
| #define SIZEOF_VOID_P 8
| #define HAVE_SIGALTSTACK 1
| #define HAVE_FCNTL 1
| #define HAVE___ATTRIBUTE__ 1
| #define HAVE___BUILTIN_EXPECT 1
| #define HAVE___SYNC_VAL_COMPARE_AND_SWAP 1
| #define HAVE_PTHREAD 1
| #define HAVE_LIBPTHREAD 1
| #define HAVE_RWLOCK 1
| #define HAVE_NAMESPACES 1
| /* end confdefs.h.  */
| #include <vector>
| int
| main ()
| {
| vector<int> t; return 0;
|   ;
|   return 0;
| }
configure:20955: g++ -c -g -O2  conftest.cpp >&5
configure:20962: $? = 0
configure:20983: result: std
configure:21038: checking whether compiler supports using ::operator<<
configure:21072: g++ -c -g -O2  conftest.cpp >&5
configure:21079: $? = 0
configure:21100: result: 1
configure:21115: checking for ucontext.h
configure:21122: result: yes
configure:21277: checking sys/ucontext.h usability
configure:21294: g++ -c -g -O2  conftest.cpp >&5
configure:21301: $? = 0
configure:21315: result: yes
configure:21319: checking sys/ucontext.h presence
configure:21334: g++ -E  conftest.cpp
configure:21341: $? = 0
configure:21355: result: yes
configure:21388: checking for sys/ucontext.h
configure:21397: result: yes
configure:21412: checking how to access the program counter from a struct ucontext
configure:21457: g++ -c -g -O2  conftest.cpp >&5
conftest.cpp: In function 'int main()':
conftest.cpp:54: error: 'REG_PC' was not declared in this scope
configure:21464: $? = 1
configure: failed program was:
| /* confdefs.h.  */
| #define PACKAGE_NAME "glog"
| #define PACKAGE_TARNAME "glog"
| #define PACKAGE_VERSION "0.3.3"
| #define PACKAGE_STRING "glog 0.3.3"
| #define PACKAGE_BUGREPORT "opensource@google.com"
| #define PACKAGE "glog"
| #define VERSION "0.3.3"
| #define HAVE_SYS_TYPES_H 1
| #define HAVE_SYS_STAT_H 1
| #define HAVE_STDLIB_H 1
| #define HAVE_STRING_H 1
| #define HAVE_MEMORY_H 1
| #define HAVE_STRINGS_H 1
| #define HAVE_INTTYPES_H 1
| #define HAVE_STDINT_H 1
| #define HAVE_UNISTD_H 1
| #define HAVE_DLFCN_H 1
| #define LT_OBJDIR ".libs/"
| #define HAVE_UNISTD_H 1
| #define HAVE_SYSCALL_H 1
| #define HAVE_SYS_SYSCALL_H 1
| #define HAVE_EXECINFO_H 1
| #define HAVE_UCONTEXT_H 1
| #define HAVE_SYS_UTSNAME_H 1
| #define HAVE_PWD_H 1
| #define HAVE_SYSLOG_H 1
| #define HAVE_SYS_TIME_H 1
| #define HAVE_GLOB_H 1
| #define HAVE_UNWIND_H 1
| #define SIZEOF_VOID_P 8
| #define HAVE_SIGALTSTACK 1
| #define HAVE_FCNTL 1
| #define HAVE___ATTRIBUTE__ 1
| #define HAVE___BUILTIN_EXPECT 1
| #define HAVE___SYNC_VAL_COMPARE_AND_SWAP 1
| #define HAVE_PTHREAD 1
| #define HAVE_LIBPTHREAD 1
| #define HAVE_RWLOCK 1
| #define HAVE_NAMESPACES 1
| #define STL_NAMESPACE std
| #define GOOGLE_NAMESPACE google
| #define _START_GOOGLE_NAMESPACE_ namespace google {
| #define _END_GOOGLE_NAMESPACE_ }
| #define HAVE_USING_OPERATOR 1
| #define HAVE_UCONTEXT_H 1
| #define HAVE_SYS_UCONTEXT_H 1
| /* end confdefs.h.  */
| #define _GNU_SOURCE 1
|                          #include <sys/ucontext.h>
| int
| main ()
| {
| ucontext_t u; return u.uc_mcontext.gregs[REG_PC] == 0;
|   ;
|   return 0;
| }
configure:21457: g++ -c -g -O2  conftest.cpp >&5
conftest.cpp: In function 'int main()':
conftest.cpp:54: error: 'REG_EIP' was not declared in this scope
configure:21464: $? = 1
configure: failed program was:
| /* confdefs.h.  */
| #define PACKAGE_NAME "glog"
| #define PACKAGE_TARNAME "glog"
| #define PACKAGE_VERSION "0.3.3"
| #define PACKAGE_STRING "glog 0.3.3"
| #define PACKAGE_BUGREPORT "opensource@google.com"
| #define PACKAGE "glog"
| #define VERSION "0.3.3"
| #define HAVE_SYS_TYPES_H 1
| #define HAVE_SYS_STAT_H 1
| #define HAVE_STDLIB_H 1
| #define HAVE_STRING_H 1
| #define HAVE_MEMORY_H 1
| #define HAVE_STRINGS_H 1
| #define HAVE_INTTYPES_H 1
| #define HAVE_STDINT_H 1
| #define HAVE_UNISTD_H 1
| #define HAVE_DLFCN_H 1
| #define LT_OBJDIR ".libs/"
| #define HAVE_UNISTD_H 1
| #define HAVE_SYSCALL_H 1
| #define HAVE_SYS_SYSCALL_H 1
| #define HAVE_EXECINFO_H 1
| #define HAVE_UCONTEXT_H 1
| #define HAVE_SYS_UTSNAME_H 1
| #define HAVE_PWD_H 1
| #define HAVE_SYSLOG_H 1
| #define HAVE_SYS_TIME_H 1
| #define HAVE_GLOB_H 1
| #define HAVE_UNWIND_H 1
| #define SIZEOF_VOID_P 8
| #define HAVE_SIGALTSTACK 1
| #define HAVE_FCNTL 1
| #define HAVE___ATTRIBUTE__ 1
| #define HAVE___BUILTIN_EXPECT 1
| #define HAVE___SYNC_VAL_COMPARE_AND_SWAP 1
| #define HAVE_PTHREAD 1
| #define HAVE_LIBPTHREAD 1
| #define HAVE_RWLOCK 1
| #define HAVE_NAMESPACES 1
| #define STL_NAMESPACE std
| #define GOOGLE_NAMESPACE google
| #define _START_GOOGLE_NAMESPACE_ namespace google {
| #define _END_GOOGLE_NAMESPACE_ }
| #define HAVE_USING_OPERATOR 1
| #define HAVE_UCONTEXT_H 1
| #define HAVE_SYS_UCONTEXT_H 1
| /* end confdefs.h.  */
| #define _GNU_SOURCE 1
|                          #include <sys/ucontext.h>
| int
| main ()
| {
| ucontext_t u; return u.uc_mcontext.gregs[REG_EIP] == 0;
|   ;
|   return 0;
| }
configure:21457: g++ -c -g -O2  conftest.cpp >&5
configure:21464: $? = 0
configure:21474: result: uc_mcontext.gregs[REG_RIP]
configure:21802: creating ./config.status

## ---------------------- ##
## Running config.status. ##
## ---------------------- ##

This file was extended by glog config.status 0.3.3, which was
generated by GNU Autoconf 2.63.  Invocation command line was

  CONFIG_FILES    = 
  CONFIG_HEADERS  = 
  CONFIG_LINKS    = 
  CONFIG_COMMANDS = 
  $ ./config.status 

on WFJ-VM-5-130

config.status:1136: creating Makefile
config.status:1136: creating src/glog/logging.h
config.status:1136: creating src/glog/raw_logging.h
config.status:1136: creating src/glog/vlog_is_on.h
config.status:1136: creating src/glog/stl_logging.h
config.status:1136: creating libglog.pc
config.status:1136: creating src/config.h
config.status:1358: src/config.h is unchanged
config.status:1410: executing depfiles commands
config.status:1410: executing libtool commands

## ---------------- ##
## Cache variables. ##
## ---------------- ##

ac_cv___attribute__=yes
ac_cv___attribute___noinline='__attribute__ ((noinline))'
ac_cv___attribute___noreturn='__attribute__ ((noreturn))'
ac_cv___attribute___printf_4_5='__attribute__((__format__ (__printf__, 4, 5)))'
ac_cv___builtin_expect=yes
ac_cv___sync_val_compare_and_swap=yes
ac_cv_build=x86_64-unknown-linux-gnu
ac_cv_c_compiler_gnu=yes
ac_cv_cxx_compiler_gnu=yes
ac_cv_cxx_namespaces=yes
ac_cv_cxx_stl_namespace=std
ac_cv_cxx_using_operator=1
ac_cv_env_CCC_set=
ac_cv_env_CCC_value=
ac_cv_env_CC_set=
ac_cv_env_CC_value=
ac_cv_env_CFLAGS_set=
ac_cv_env_CFLAGS_value=
ac_cv_env_CPPFLAGS_set=
ac_cv_env_CPPFLAGS_value=
ac_cv_env_CPP_set=
ac_cv_env_CPP_value=
ac_cv_env_CXXCPP_set=
ac_cv_env_CXXCPP_value=
ac_cv_env_CXXFLAGS_set=
ac_cv_env_CXXFLAGS_value=
ac_cv_env_CXX_set=
ac_cv_env_CXX_value=
ac_cv_env_LDFLAGS_set=
ac_cv_env_LDFLAGS_value=
ac_cv_env_LIBS_set=
ac_cv_env_LIBS_value=
ac_cv_env_build_alias_set=
ac_cv_env_build_alias_value=
ac_cv_env_host_alias_set=
ac_cv_env_host_alias_value=
ac_cv_env_target_alias_set=
ac_cv_env_target_alias_value=
ac_cv_func_dladdr=no
ac_cv_func_fcntl=yes
ac_cv_func_sigaltstack=yes
ac_cv_have___builtin_expect=1
ac_cv_have___uint16=0
ac_cv_have_inttypes_h=1
ac_cv_have_libgflags=0
ac_cv_have_libunwind_h=0
ac_cv_have_stdint_h=1
ac_cv_have_systypes_h=1
ac_cv_have_u_int16_t=1
ac_cv_have_uint16_t=1
ac_cv_have_unistd_h=1
ac_cv_header_dlfcn_h=yes
ac_cv_header_execinfo_h=yes
ac_cv_header_glob_h=yes
ac_cv_header_inttypes_h=yes
ac_cv_header_libunwind_h=no
ac_cv_header_memory_h=yes
ac_cv_header_pwd_h=yes
ac_cv_header_stdc=no
ac_cv_header_stdint_h=yes
ac_cv_header_stdlib_h=yes
ac_cv_header_string_h=yes
ac_cv_header_strings_h=yes
ac_cv_header_sys_stat_h=yes
ac_cv_header_sys_syscall_h=yes
ac_cv_header_sys_time_h=yes
ac_cv_header_sys_types_h=yes
ac_cv_header_sys_ucontext_h=yes
ac_cv_header_sys_utsname_h=yes
ac_cv_header_syscall_h=yes
ac_cv_header_syslog_h=yes
ac_cv_header_ucontext_h=yes
ac_cv_header_unistd_h=yes
ac_cv_header_unwind_h=yes
ac_cv_host=x86_64-unknown-linux-gnu
ac_cv_lib_gflags_main=no
ac_cv_lib_pthread_pthread_self=yes
ac_cv_objext=o
ac_cv_path_EGREP='/bin/grep -E'
ac_cv_path_FGREP='/bin/grep -F'
ac_cv_path_GREP=/bin/grep
ac_cv_path_SED=/bin/sed
ac_cv_path_install='/usr/bin/install -c'
ac_cv_path_mkdir=/bin/mkdir
ac_cv_prog_AWK=gawk
ac_cv_prog_CPP='gcc -E'
ac_cv_prog_CXXCPP='g++ -E'
ac_cv_prog_ac_ct_AR=ar
ac_cv_prog_ac_ct_CC=gcc
ac_cv_prog_ac_ct_CXX=g++
ac_cv_prog_ac_ct_OBJDUMP=objdump
ac_cv_prog_ac_ct_RANLIB=ranlib
ac_cv_prog_ac_ct_STRIP=strip
ac_cv_prog_cc_c89=
ac_cv_prog_cc_g=yes
ac_cv_prog_cxx_g=yes
ac_cv_prog_make_make_set=yes
ac_cv_rwlock=yes
ac_cv_sizeof_void_p=8
ac_cv_type___uint16=no
ac_cv_type_u_int16_t=yes
ac_cv_type_uint16_t=yes
am_cv_CC_dependencies_compiler_type=gcc3
am_cv_CXX_dependencies_compiler_type=gcc3
lt_cv_ar_at_file=@
lt_cv_deplibs_check_method=pass_all
lt_cv_file_magic_cmd='$MAGIC_CMD'
lt_cv_file_magic_test_file=
lt_cv_ld_reload_flag=-r
lt_cv_nm_interface='BSD nm'
lt_cv_objdir=.libs
lt_cv_path_LD=/usr/bin/ld
lt_cv_path_LDCXX='/usr/bin/ld -m elf_x86_64'
lt_cv_path_NM='/usr/bin/nm -B'
lt_cv_path_mainfest_tool=no
lt_cv_prog_compiler_c_o=yes
lt_cv_prog_compiler_c_o_CXX=yes
lt_cv_prog_compiler_pic='-fPIC -DPIC'
lt_cv_prog_compiler_pic_CXX='-fPIC -DPIC'
lt_cv_prog_compiler_pic_works=yes
lt_cv_prog_compiler_pic_works_CXX=yes
lt_cv_prog_compiler_rtti_exceptions=no
lt_cv_prog_compiler_static_works=no
lt_cv_prog_compiler_static_works_CXX=no
lt_cv_prog_gnu_ld=yes
lt_cv_prog_gnu_ldcxx=yes
lt_cv_sharedlib_from_linklib_cmd='printf %s\n'
lt_cv_shlibpath_overrides_runpath=no
lt_cv_sys_global_symbol_pipe='sed -n -e '\''s/^.*[	 ]\([ABCDGIRSTW][ABCDGIRSTW]*\)[	 ][	 ]*\([_A-Za-z][_A-Za-z0-9]*\)$/\1 \2 \2/p'\'' | sed '\''/ __gnu_lto/d'\'''
lt_cv_sys_global_symbol_to_c_name_address='sed -n -e '\''s/^: \([^ ]*\)[ ]*$/  {\"\1\", (void *) 0},/p'\'' -e '\''s/^[ABCDGIRSTW]* \([^ ]*\) \([^ ]*\)$/  {"\2", (void *) \&\2},/p'\'''
lt_cv_sys_global_symbol_to_c_name_address_lib_prefix='sed -n -e '\''s/^: \([^ ]*\)[ ]*$/  {\"\1\", (void *) 0},/p'\'' -e '\''s/^[ABCDGIRSTW]* \([^ ]*\) \(lib[^ ]*\)$/  {"\2", (void *) \&\2},/p'\'' -e '\''s/^[ABCDGIRSTW]* \([^ ]*\) \([^ ]*\)$/  {"lib\2", (void *) \&\2},/p'\'''
lt_cv_sys_global_symbol_to_cdecl='sed -n -e '\''s/^T .* \(.*\)$/extern int \1();/p'\'' -e '\''s/^[ABCDGIRSTW]* .* \(.*\)$/extern char \1;/p'\'''
lt_cv_sys_max_cmd_len=1966080
lt_cv_to_host_file_cmd=func_convert_file_noop
lt_cv_to_tool_file_cmd=func_convert_file_noop

## ----------------- ##
## Output variables. ##
## ----------------- ##

ACLOCAL='${SHELL} /home/supdev/glog/missing --run aclocal-1.11'
AMDEPBACKSLASH='\'
AMDEP_FALSE='#'
AMDEP_TRUE=''
AMTAR='${SHELL} /home/supdev/glog/missing --run tar'
AR='ar'
AUTOCONF='${SHELL} /home/supdev/glog/missing --run autoconf'
AUTOHEADER='${SHELL} /home/supdev/glog/missing --run autoheader'
AUTOMAKE='${SHELL} /home/supdev/glog/missing --run automake-1.11'
AWK='gawk'
CC='gcc'
CCDEPMODE='depmode=gcc3'
CFLAGS='-g -O2'
CPP='gcc -E'
CPPFLAGS=''
CXX='g++'
CXXCPP='g++ -E'
CXXDEPMODE='depmode=gcc3'
CXXFLAGS='-g -O2'
CYGPATH_W='echo'
DEFS='-DHAVE_CONFIG_H'
DEPDIR='.deps'
DISABLE_RTTI_FALSE=''
DISABLE_RTTI_TRUE='#'
DLLTOOL='false'
DSYMUTIL=''
DUMPBIN=''
ECHO_C=''
ECHO_N='-n'
ECHO_T=''
EGREP='/bin/grep -E'
ENABLE_FRAME_POINTERS_FALSE=''
ENABLE_FRAME_POINTERS_TRUE='#'
EXEEXT=''
FGREP='/bin/grep -F'
GCC_FALSE='#'
GCC_TRUE=''
GFLAGS_CFLAGS=''
GFLAGS_LIBS=''
GMOCK_CFLAGS=''
GMOCK_CONFIG=''
GMOCK_LIBS=''
GREP='/bin/grep'
GTEST_CFLAGS=''
GTEST_CONFIG=''
GTEST_LIBS=''
HAVE_GMOCK_FALSE=''
HAVE_GMOCK_TRUE='#'
INSTALL_DATA='${INSTALL} -m 644'
INSTALL_PROGRAM='${INSTALL}'
INSTALL_SCRIPT='${INSTALL}'
INSTALL_STRIP_PROGRAM='$(install_sh) -c -s'
LD='/usr/bin/ld -m elf_x86_64'
LDFLAGS=''
LIBOBJS=''
LIBS='-lpthread '
LIBTOOL='$(SHELL) $(top_builddir)/libtool'
LIBTOOL_DEPS='./ltmain.sh'
LIPO=''
LN_S='ln -s'
LTLIBOBJS=''
MAKEINFO='${SHELL} /home/supdev/glog/missing --run makeinfo'
MANIFEST_TOOL=':'
MKDIR_P='/bin/mkdir -p'
NM='/usr/bin/nm -B'
NMEDIT=''
OBJDUMP='objdump'
OBJEXT='o'
OTOOL64=''
OTOOL=''
PACKAGE='glog'
PACKAGE_BUGREPORT='opensource@google.com'
PACKAGE_NAME='glog'
PACKAGE_STRING='glog 0.3.3'
PACKAGE_TARNAME='glog'
PACKAGE_VERSION='0.3.3'
PATH_SEPARATOR=':'
PTHREAD_CC='gcc'
PTHREAD_CFLAGS='-pthread'
PTHREAD_LIBS=''
RANLIB='ranlib'
SED='/bin/sed'
SET_MAKE=''
SHELL='/bin/sh'
STRIP='strip'
UNWIND_LIBS=''
VERSION='0.3.3'
X86_64_FALSE='#'
X86_64_TRUE=''
ac_ct_AR='ar'
ac_ct_CC='gcc'
ac_ct_CXX='g++'
ac_ct_DUMPBIN=''
ac_cv___attribute___noinline='__attribute__ ((noinline))'
ac_cv___attribute___noreturn='__attribute__ ((noreturn))'
ac_cv___attribute___printf_4_5='__attribute__((__format__ (__printf__, 4, 5)))'
ac_cv_cxx_using_operator='1'
ac_cv_have___builtin_expect='1'
ac_cv_have___uint16='0'
ac_cv_have_inttypes_h='1'
ac_cv_have_libgflags='0'
ac_cv_have_stdint_h='1'
ac_cv_have_systypes_h='1'
ac_cv_have_u_int16_t='1'
ac_cv_have_uint16_t='1'
ac_cv_have_unistd_h='1'
ac_google_end_namespace='}'
ac_google_namespace='google'
ac_google_start_namespace='namespace google {'
acx_pthread_config=''
am__EXEEXT_FALSE=''
am__EXEEXT_TRUE='#'
am__fastdepCC_FALSE='#'
am__fastdepCC_TRUE=''
am__fastdepCXX_FALSE='#'
am__fastdepCXX_TRUE=''
am__include='include'
am__isrc=''
am__leading_dot='.'
am__quote=''
am__tar='${AMTAR} chof - "$$tardir"'
am__untar='${AMTAR} xf -'
bindir='${exec_prefix}/bin'
build='x86_64-unknown-linux-gnu'
build_alias=''
build_cpu='x86_64'
build_os='linux-gnu'
build_vendor='unknown'
datadir='${datarootdir}'
datarootdir='${prefix}/share'
docdir='${datarootdir}/doc/${PACKAGE_TARNAME}'
dvidir='${docdir}'
exec_prefix='${prefix}'
host='x86_64-unknown-linux-gnu'
host_alias=''
host_cpu='x86_64'
host_os='linux-gnu'
host_vendor='unknown'
htmldir='${docdir}'
includedir='${prefix}/include'
infodir='${datarootdir}/info'
install_sh='${SHELL} /home/supdev/glog/install-sh'
libdir='${exec_prefix}/lib'
libexecdir='${exec_prefix}/libexec'
localedir='${datarootdir}/locale'
localstatedir='${prefix}/var'
mandir='${datarootdir}/man'
mkdir_p='/bin/mkdir -p'
oldincludedir='/usr/include'
pdfdir='${docdir}'
prefix='/usr/local'
program_transform_name='s,x,x,'
psdir='${docdir}'
sbindir='${exec_prefix}/sbin'
sharedstatedir='${prefix}/com'
sysconfdir='${prefix}/etc'
target_alias=''

## ----------- ##
## confdefs.h. ##
## ----------- ##

#define PACKAGE_NAME "glog"
#define PACKAGE_TARNAME "glog"
#define PACKAGE_VERSION "0.3.3"
#define PACKAGE_STRING "glog 0.3.3"
#define PACKAGE_BUGREPORT "opensource@google.com"
#define PACKAGE "glog"
#define VERSION "0.3.3"
#define HAVE_SYS_TYPES_H 1
#define HAVE_SYS_STAT_H 1
#define HAVE_STDLIB_H 1
#define HAVE_STRING_H 1
#define HAVE_MEMORY_H 1
#define HAVE_STRINGS_H 1
#define HAVE_INTTYPES_H 1
#define HAVE_STDINT_H 1
#define HAVE_UNISTD_H 1
#define HAVE_DLFCN_H 1
#define LT_OBJDIR ".libs/"
#define HAVE_UNISTD_H 1
#define HAVE_SYSCALL_H 1
#define HAVE_SYS_SYSCALL_H 1
#define HAVE_EXECINFO_H 1
#define HAVE_UCONTEXT_H 1
#define HAVE_SYS_UTSNAME_H 1
#define HAVE_PWD_H 1
#define HAVE_SYSLOG_H 1
#define HAVE_SYS_TIME_H 1
#define HAVE_GLOB_H 1
#define HAVE_UNWIND_H 1
#define SIZEOF_VOID_P 8
#define HAVE_SIGALTSTACK 1
#define HAVE_FCNTL 1
#define HAVE___ATTRIBUTE__ 1
#define HAVE___BUILTIN_EXPECT 1
#define HAVE___SYNC_VAL_COMPARE_AND_SWAP 1
#define HAVE_PTHREAD 1
#define HAVE_LIBPTHREAD 1
#define HAVE_RWLOCK 1
#define HAVE_NAMESPACES 1
#define STL_NAMESPACE std
#define GOOGLE_NAMESPACE google
#define _START_GOOGLE_NAMESPACE_ namespace google {
#define _END_GOOGLE_NAMESPACE_ }
#define HAVE_USING_OPERATOR 1
#define HAVE_UCONTEXT_H 1
#define HAVE_SYS_UCONTEXT_H 1
#define PC_FROM_UCONTEXT uc_mcontext.gregs[REG_RIP]
#define TEST_SRC_DIR "."

configure: exit 0
